
> react-typescript-starter@0.1.0 test
> react-scripts test --coverage

Browserslist: caniuse-lite is outdated. Please run:
  npx browserslist@latest --update-db
  Why you should do it regularly: https://github.com/browserslist/browserslist#browsers-data-updating
PASS src/arrays.test.ts
  ● Console

    console.log
      here

      at injectPositive (src/arrays.ts:150:17)

    console.log
      Before [ -100, -200, 100, 200 ]

      at injectPositive (src/arrays.ts:157:17)

    console.log
      After [ -100, 0, -200, 100, 200 ]

      at injectPositive (src/arrays.ts:159:17)

PASS src/HtmlCss.test.tsx
PASS src/functions.test.ts
PASS src/text.test.tsx
PASS src/App.test.tsx
--------------|---------|----------|---------|---------|-------------------
File          | % Stmts | % Branch | % Funcs | % Lines | Uncovered Line #s 
--------------|---------|----------|---------|---------|-------------------
All files     |   98.61 |      100 |   96.42 |   98.52 |                   
 App.tsx      |     100 |      100 |     100 |     100 |                   
 arrays.ts    |   98.14 |      100 |   95.23 |      98 | 154               
 functions.ts |     100 |      100 |     100 |     100 |                   
--------------|---------|----------|---------|---------|-------------------

Test Suites: 5 passed, 5 total
Tests:       23 passed, 23 total
Snapshots:   0 total
Time:        3.873 s
Ran all test suites.
